INFO: kbplacer_plugin_action.py:70: Plugin version: 0.14
INFO: kbplacer_plugin_action.py:71: Python version: '3.9.13 (v3.9.13:6de2ca5339, May 17 2022, 11:37:23) \n[Clang 13.0.0 (clang-1300.0.29.30)]'
INFO: kbplacer_plugin_action.py:72: KiCad version: 9.0.4 with 4.2.2a1 osx-cocoa (phoenix) wxWidgets 3.2.8
INFO: kbplacer_dialog.py:631: Language: en
INFO: kbplacer_plugin_action.py:80: GUI state: {"layout_path": "/Users/vejas2/Downloads/keyboard-layout-6.json", "key_distance": [19.05, 19.05], "key_info": {"annotation_format": "SW{}", "position_option": "Default", "position": {"x": 0.0, "y": 0.0, "orientation": 0.0, "side": "Front"}, "template_path": ""}, "enable_diode_placement": true, "route_switches_with_diodes": false, "optimize_diodes_orientation": false, "diode_info": {"annotation_format": "D{}", "position_option": "Custom", "position": {"x": -10.8, "y": 5.0, "orientation": 90.0, "side": "Back"}, "template_path": ""}, "additional_elements": [], "route_rows_and_columns": false, "template_path": "", "generate_outline": true, "outline_delta": 1.0}
DEBUG: key_placer.py:424: Set key 1U distance: 19050000/19050000
DEBUG: key_placer.py:141: Switches by nets: defaultdict(<class 'list'>, {frozenset({'c4', 'r3'}): ['SW12'], frozenset({'r3', 'c3'}): ['SW11'], frozenset({'r3', 'c2'}): ['SW10'], frozenset({'r3', 'c1'}): ['SW9'], frozenset({'c4', 'r2'}): ['SW8'], frozenset({'r2', 'c3'}): ['SW7'], frozenset({'r2', 'c2'}): ['SW6'], frozenset({'r2', 'c1'}): ['SW5'], frozenset({'c4', 'r1'}): ['SW4'], frozenset({'r1', 'c3'}): ['SW3'], frozenset({'r1', 'c2'}): ['SW2'], frozenset({'r1', 'c1'}): ['SW1']})
DEBUG: key_placer.py:145: Diodes by switch: {'SW12': ['D12'], 'SW11': ['D11'], 'SW10': ['D10'], 'SW9': ['D9'], 'SW8': ['D8'], 'SW7': ['D7'], 'SW6': ['D6'], 'SW5': ['D5'], 'SW4': ['D4'], 'SW3': ['D3'], 'SW2': ['D2'], 'SW1': ['D1']}
INFO: kle_serial.py:931: User layout: [[{'a': 7}, '', '', '', '', {'x': 1}, '', '', '', '', {'x': 1}, '', '', '', '']]
DEBUG: key_placer.py:724: Layout offset: (28575000, 28575000)
DEBUG: kle_serial.py:990: Layout with: x_ortholinear_keys=12, y_ortholinear_keys=12, rotated_keys=0, encoders=0, iso_enters=0 and unrecognized_shape_keys=0
DEBUG: kle_serial.py:1015: Layout tagged: [<KeyboardTag.ORTHOLINEAR: 1>]
DEBUG: board_modifier.py:94: Setting SW1 footprint position: (38100000, 38100000)
DEBUG: board_modifier.py:94: Setting SW2 footprint position: (57150000, 38100000)
DEBUG: board_modifier.py:94: Setting SW3 footprint position: (76200000, 38100000)
DEBUG: board_modifier.py:94: Setting SW4 footprint position: (95250000, 38100000)
DEBUG: board_modifier.py:94: Setting SW5 footprint position: (133350000, 38100000)
DEBUG: board_modifier.py:94: Setting SW6 footprint position: (152400000, 38100000)
DEBUG: board_modifier.py:94: Setting SW7 footprint position: (171450000, 38100000)
DEBUG: board_modifier.py:94: Setting SW8 footprint position: (190500000, 38100000)
DEBUG: board_modifier.py:94: Setting SW9 footprint position: (228600000, 38100000)
DEBUG: board_modifier.py:94: Setting SW10 footprint position: (247650000, 38100000)
DEBUG: board_modifier.py:94: Setting SW11 footprint position: (266700000, 38100000)
DEBUG: board_modifier.py:94: Setting SW12 footprint position: (285750000, 38100000)
INFO: key_placer.py:1078: Diode info: [ElementInfo(annotation_format='D{}', position_option=<PositionOption.CUSTOM: 'Custom'>, position=ElementPosition(x=-10.8, y=5.0, orientation=90.0, side=<Side.BACK: 'Back'>), template_path='')]
DEBUG: board_modifier.py:107: Getting SW1 footprint position: (38100000, 38100000)
DEBUG: board_modifier.py:94: Setting D1 footprint position: (27300000, 43100000)
DEBUG: board_modifier.py:107: Getting SW2 footprint position: (57150000, 38100000)
DEBUG: board_modifier.py:94: Setting D2 footprint position: (46350000, 43100000)
DEBUG: board_modifier.py:107: Getting SW3 footprint position: (76200000, 38100000)
DEBUG: board_modifier.py:94: Setting D3 footprint position: (65400000, 43100000)
DEBUG: board_modifier.py:107: Getting SW4 footprint position: (95250000, 38100000)
DEBUG: board_modifier.py:94: Setting D4 footprint position: (84450000, 43100000)
DEBUG: board_modifier.py:107: Getting SW5 footprint position: (133350000, 38100000)
DEBUG: board_modifier.py:94: Setting D5 footprint position: (122550000, 43100000)
DEBUG: board_modifier.py:107: Getting SW6 footprint position: (152400000, 38100000)
DEBUG: board_modifier.py:94: Setting D6 footprint position: (141600000, 43100000)
DEBUG: board_modifier.py:107: Getting SW7 footprint position: (171450000, 38100000)
DEBUG: board_modifier.py:94: Setting D7 footprint position: (160650000, 43100000)
DEBUG: board_modifier.py:107: Getting SW8 footprint position: (190500000, 38100000)
DEBUG: board_modifier.py:94: Setting D8 footprint position: (179700000, 43100000)
DEBUG: board_modifier.py:107: Getting SW9 footprint position: (228600000, 38100000)
DEBUG: board_modifier.py:94: Setting D9 footprint position: (217800000, 43100000)
DEBUG: board_modifier.py:107: Getting SW10 footprint position: (247650000, 38100000)
DEBUG: board_modifier.py:94: Setting D10 footprint position: (236850000, 43100000)
DEBUG: board_modifier.py:107: Getting SW11 footprint position: (266700000, 38100000)
DEBUG: board_modifier.py:94: Setting D11 footprint position: (255900000, 43100000)
DEBUG: board_modifier.py:107: Getting SW12 footprint position: (285750000, 38100000)
DEBUG: board_modifier.py:94: Setting D12 footprint position: (274950000, 43100000)
INFO: edge_generator.py:149: Running board edge generation around footprints with annotation matching 'SW{}' format
